<?xml version="1.0" encoding="UTF-8"?>
<testsuites name="TestSuite" time="58.035" tests="5" failures="0" errors="0">
   <testsuite name="TestSuite" tests="5" failures="0" errors="0" time="58.035" timestamp="2020-09-26 16:34:14" hostname="MAY - MAY20145" id="Test Suites/TestSuite">
      <properties>
         <property name="deviceName" value=""/>
         <property name="devicePlatform" value=""/>
         <property name="logFolder" value="C:\\Users\\MAY\\Katalon Studio\\My First Web UI Project\\Reports\\20200926_163407\\TestSuite\\20200926_163407"/>
         <property name="logFiles" value="C:\\Users\\MAY\\Katalon Studio\\My First Web UI Project\\Reports\\20200926_163407\\TestSuite\\20200926_163407\\execution0.log"/>
         <property name="attachments" value=""/>
         <property name="hostName" value="MAY - MAY20145"/>
         <property name="os" value="Windows 10 64bit"/>
         <property name="katalonVersion" value="7.7.1.205"/>
         <property name="browser" value="Chrome 85.0.4183.121"/>
         <property name="hostAddress" value="192.168.1.47"/>
         <property name="sessionId" value="e7e28e3a430e343e11c1bd238ca490fb"/>
         <property name="seleniumVersion" value="3.141.59"/>
         <property name="proxyInformation" value="ProxyInformation { proxyOption=NO_PROXY, proxyServerType=HTTP, username=, password=********, proxyServerAddress=, proxyServerPort=0, executionList=&quot;&quot;, isApplyToDesiredCapabilities=true }"/>
         <property name="platform" value="Windows 10"/>
      </properties>
      <testcase name="Test Cases/TC_001" time="12.388" classname="Test Cases/TC_001" status="PASSED">
         <system-out><![CDATA[2020-09-26 16:34:14 - [TEST_CASE][PASSED] - Test Cases/TC_001: Test Cases/TC_001

2020-09-26 16:34:14 - [TEST_STEP][PASSED] - openBrowser(""): Browser is opened with url: ''

2020-09-26 16:34:14 - [MESSAGE][INFO] - Starting 'Chrome' driver

2020-09-26 16:34:14 - [MESSAGE][INFO] - Action delay is set to 0 milliseconds

2020-09-26 16:34:17 - [MESSAGE][PASSED] - Browser is opened with url: ''

2020-09-26 16:34:17 - [TEST_STEP][PASSED] - navigateToUrl("https://katalon-demo-cura.herokuapp.com/"): Navigate to 'https://katalon-demo-cura.herokuapp.com/' successfully

2020-09-26 16:34:23 - [MESSAGE][PASSED] - Navigate to 'https://katalon-demo-cura.herokuapp.com/' successfully

2020-09-26 16:34:23 - [TEST_STEP][PASSED] - click(findTestObject("Object Repository/Page_CURA Healthcare Service/a_Make Appointment")): Object: 'Object Repository/Page_CURA Healthcare Service/a_Make Appointment' is clicked on

2020-09-26 16:34:23 - [MESSAGE][PASSED] - Object: 'Object Repository/Page_CURA Healthcare Service/a_Make Appointment' is clicked on

2020-09-26 16:34:23 - [TEST_STEP][PASSED] - setText(findTestObject("Object Repository/Page_CURA Healthcare Service/input_Username_username"), "John Doe"): Text 'John Doe' is set on object 'Object Repository/Page_CURA Healthcare Service/input_Username_username'

2020-09-26 16:34:24 - [MESSAGE][PASSED] - Text 'John Doe' is set on object 'Object Repository/Page_CURA Healthcare Service/input_Username_username'

2020-09-26 16:34:24 - [TEST_STEP][PASSED] - click(findTestObject("Object Repository/Page_CURA Healthcare Service/div_Demo account_input-group")): Object: 'Object Repository/Page_CURA Healthcare Service/div_Demo account_input-group' is clicked on

2020-09-26 16:34:24 - [MESSAGE][PASSED] - Object: 'Object Repository/Page_CURA Healthcare Service/div_Demo account_input-group' is clicked on

2020-09-26 16:34:24 - [TEST_STEP][PASSED] - setEncryptedText(findTestObject("Object Repository/Page_CURA Healthcare Service/input_Password_password"), "g3/DOGG74jC3Flrr3yH+3D/yKbOqqUNM"): Text ****** has been set on object 'Object Repository/Page_CURA Healthcare Service/input_Password_password'

2020-09-26 16:34:25 - [MESSAGE][PASSED] - Text ****** has been set on object 'Object Repository/Page_CURA Healthcare Service/input_Password_password'

2020-09-26 16:34:25 - [TEST_STEP][PASSED] - click(findTestObject("Object Repository/Page_CURA Healthcare Service/button_Login")): Object: 'Object Repository/Page_CURA Healthcare Service/button_Login' is clicked on

2020-09-26 16:34:26 - [MESSAGE][PASSED] - Object: 'Object Repository/Page_CURA Healthcare Service/button_Login' is clicked on

2020-09-26 16:34:26 - [TEST_STEP][PASSED] - closeBrowser(): Browser is closed

2020-09-26 16:34:26 - [MESSAGE][PASSED] - Browser is closed]]></system-out>
         <system-err><![CDATA[]]></system-err>
      </testcase>
      <testcase name="Test Cases/TC_002" time="10.69" classname="Test Cases/TC_002" status="PASSED">
         <system-out><![CDATA[2020-09-26 16:34:26 - [TEST_CASE][PASSED] - Test Cases/TC_002: Test Cases/TC_002

2020-09-26 16:34:26 - [TEST_STEP][PASSED] - openBrowser(""): Browser is opened with url: ''

2020-09-26 16:34:26 - [MESSAGE][INFO] - Starting 'Chrome' driver

2020-09-26 16:34:26 - [MESSAGE][INFO] - Action delay is set to 0 milliseconds

2020-09-26 16:34:29 - [MESSAGE][PASSED] - Browser is opened with url: ''

2020-09-26 16:34:29 - [TEST_STEP][PASSED] - navigateToUrl("https://katalon-demo-cura.herokuapp.com/"): Navigate to 'https://katalon-demo-cura.herokuapp.com/' successfully

2020-09-26 16:34:34 - [MESSAGE][PASSED] - Navigate to 'https://katalon-demo-cura.herokuapp.com/' successfully

2020-09-26 16:34:34 - [TEST_STEP][PASSED] - click(findTestObject("Object Repository/Page_CURA Healthcare Service/a_Make Appointment")): Object: 'Object Repository/Page_CURA Healthcare Service/a_Make Appointment' is clicked on

2020-09-26 16:34:35 - [MESSAGE][PASSED] - Object: 'Object Repository/Page_CURA Healthcare Service/a_Make Appointment' is clicked on

2020-09-26 16:34:35 - [TEST_STEP][PASSED] - click(findTestObject("Object Repository/Page_CURA Healthcare Service/input_Demo account_form-control")): Object: 'Object Repository/Page_CURA Healthcare Service/input_Demo account_form-control' is clicked on

2020-09-26 16:34:35 - [MESSAGE][PASSED] - Object: 'Object Repository/Page_CURA Healthcare Service/input_Demo account_form-control' is clicked on

2020-09-26 16:34:35 - [TEST_STEP][PASSED] - setText(findTestObject("Object Repository/Page_CURA Healthcare Service/input_Username_username"), "John Doe"): Text 'John Doe' is set on object 'Object Repository/Page_CURA Healthcare Service/input_Username_username'

2020-09-26 16:34:36 - [MESSAGE][PASSED] - Text 'John Doe' is set on object 'Object Repository/Page_CURA Healthcare Service/input_Username_username'

2020-09-26 16:34:36 - [TEST_STEP][PASSED] - setEncryptedText(findTestObject("Object Repository/Page_CURA Healthcare Service/input_Password_password"), "ic4lwWimYzw="): Text ****** has been set on object 'Object Repository/Page_CURA Healthcare Service/input_Password_password'

2020-09-26 16:34:36 - [MESSAGE][PASSED] - Text ****** has been set on object 'Object Repository/Page_CURA Healthcare Service/input_Password_password'

2020-09-26 16:34:36 - [TEST_STEP][PASSED] - click(findTestObject("Object Repository/Page_CURA Healthcare Service/button_Login")): Object: 'Object Repository/Page_CURA Healthcare Service/button_Login' is clicked on

2020-09-26 16:34:37 - [MESSAGE][PASSED] - Object: 'Object Repository/Page_CURA Healthcare Service/button_Login' is clicked on]]></system-out>
         <system-err><![CDATA[]]></system-err>
      </testcase>
      <testcase name="Test Cases/TC_003" time="11.897" classname="Test Cases/TC_003" status="PASSED">
         <system-out><![CDATA[2020-09-26 16:34:37 - [TEST_CASE][PASSED] - Test Cases/TC_003: Test Cases/TC_003

2020-09-26 16:34:37 - [TEST_STEP][PASSED] - openBrowser(""): Browser is opened with url: ''

2020-09-26 16:34:37 - [MESSAGE][WARNING] - A browser is already opened. Closing browser and opening a new one

2020-09-26 16:34:38 - [MESSAGE][INFO] - Starting 'Chrome' driver

2020-09-26 16:34:38 - [MESSAGE][INFO] - Action delay is set to 0 milliseconds

2020-09-26 16:34:40 - [MESSAGE][PASSED] - Browser is opened with url: ''

2020-09-26 16:34:40 - [TEST_STEP][PASSED] - navigateToUrl("https://katalon-demo-cura.herokuapp.com/"): Navigate to 'https://katalon-demo-cura.herokuapp.com/' successfully

2020-09-26 16:34:46 - [MESSAGE][PASSED] - Navigate to 'https://katalon-demo-cura.herokuapp.com/' successfully

2020-09-26 16:34:46 - [TEST_STEP][PASSED] - click(findTestObject("Object Repository/Page_CURA Healthcare Service/a_Make Appointment")): Object: 'Object Repository/Page_CURA Healthcare Service/a_Make Appointment' is clicked on

2020-09-26 16:34:46 - [MESSAGE][PASSED] - Object: 'Object Repository/Page_CURA Healthcare Service/a_Make Appointment' is clicked on

2020-09-26 16:34:46 - [TEST_STEP][PASSED] - setText(findTestObject("Object Repository/Page_CURA Healthcare Service/input_Username_username"), "xxxx"): Text 'xxxx' is set on object 'Object Repository/Page_CURA Healthcare Service/input_Username_username'

2020-09-26 16:34:47 - [MESSAGE][PASSED] - Text 'xxxx' is set on object 'Object Repository/Page_CURA Healthcare Service/input_Username_username'

2020-09-26 16:34:47 - [TEST_STEP][PASSED] - click(findTestObject("Object Repository/Page_CURA Healthcare Service/input_Demo account_form-control")): Object: 'Object Repository/Page_CURA Healthcare Service/input_Demo account_form-control' is clicked on

2020-09-26 16:34:48 - [MESSAGE][PASSED] - Object: 'Object Repository/Page_CURA Healthcare Service/input_Demo account_form-control' is clicked on

2020-09-26 16:34:48 - [TEST_STEP][PASSED] - setEncryptedText(findTestObject("Object Repository/Page_CURA Healthcare Service/input_Password_password"), "g3/DOGG74jC3Flrr3yH+3D/yKbOqqUNM"): Text ****** has been set on object 'Object Repository/Page_CURA Healthcare Service/input_Password_password'

2020-09-26 16:34:48 - [MESSAGE][PASSED] - Text ****** has been set on object 'Object Repository/Page_CURA Healthcare Service/input_Password_password'

2020-09-26 16:34:48 - [TEST_STEP][PASSED] - click(findTestObject("Object Repository/Page_CURA Healthcare Service/button_Login")): Object: 'Object Repository/Page_CURA Healthcare Service/button_Login' is clicked on

2020-09-26 16:34:49 - [MESSAGE][PASSED] - Object: 'Object Repository/Page_CURA Healthcare Service/button_Login' is clicked on]]></system-out>
         <system-err><![CDATA[]]></system-err>
      </testcase>
      <testcase name="Test Cases/TC_004" time="10.918" classname="Test Cases/TC_004" status="PASSED">
         <system-out><![CDATA[2020-09-26 16:34:49 - [TEST_CASE][PASSED] - Test Cases/TC_004: Test Cases/TC_004

2020-09-26 16:34:49 - [TEST_STEP][PASSED] - openBrowser(""): Browser is opened with url: ''

2020-09-26 16:34:49 - [MESSAGE][WARNING] - A browser is already opened. Closing browser and opening a new one

2020-09-26 16:34:50 - [MESSAGE][INFO] - Starting 'Chrome' driver

2020-09-26 16:34:50 - [MESSAGE][INFO] - Action delay is set to 0 milliseconds

2020-09-26 16:34:52 - [MESSAGE][PASSED] - Browser is opened with url: ''

2020-09-26 16:34:52 - [TEST_STEP][PASSED] - navigateToUrl("https://katalon-demo-cura.herokuapp.com/"): Navigate to 'https://katalon-demo-cura.herokuapp.com/' successfully

2020-09-26 16:34:57 - [MESSAGE][PASSED] - Navigate to 'https://katalon-demo-cura.herokuapp.com/' successfully

2020-09-26 16:34:57 - [TEST_STEP][PASSED] - click(findTestObject("Object Repository/Page_CURA Healthcare Service/a_Make Appointment")): Object: 'Object Repository/Page_CURA Healthcare Service/a_Make Appointment' is clicked on

2020-09-26 16:34:58 - [MESSAGE][PASSED] - Object: 'Object Repository/Page_CURA Healthcare Service/a_Make Appointment' is clicked on

2020-09-26 16:34:58 - [TEST_STEP][PASSED] - setText(findTestObject("Object Repository/Page_CURA Healthcare Service/input_Username_username"), "xxxxx"): Text 'xxxxx' is set on object 'Object Repository/Page_CURA Healthcare Service/input_Username_username'

2020-09-26 16:34:59 - [MESSAGE][PASSED] - Text 'xxxxx' is set on object 'Object Repository/Page_CURA Healthcare Service/input_Username_username'

2020-09-26 16:34:59 - [TEST_STEP][PASSED] - setEncryptedText(findTestObject("Object Repository/Page_CURA Healthcare Service/input_Password_password"), "urRyGHQiJwk="): Text ****** has been set on object 'Object Repository/Page_CURA Healthcare Service/input_Password_password'

2020-09-26 16:34:59 - [MESSAGE][PASSED] - Text ****** has been set on object 'Object Repository/Page_CURA Healthcare Service/input_Password_password'

2020-09-26 16:34:59 - [TEST_STEP][PASSED] - click(findTestObject("Object Repository/Page_CURA Healthcare Service/button_Login")): Object: 'Object Repository/Page_CURA Healthcare Service/button_Login' is clicked on

2020-09-26 16:35:00 - [MESSAGE][PASSED] - Object: 'Object Repository/Page_CURA Healthcare Service/button_Login' is clicked on]]></system-out>
         <system-err><![CDATA[]]></system-err>
      </testcase>
      <testcase name="Test Cases/TC_005" time="10.633" classname="Test Cases/TC_005" status="PASSED">
         <system-out><![CDATA[2020-09-26 16:35:00 - [TEST_CASE][PASSED] - Test Cases/TC_005: Test Cases/TC_005

2020-09-26 16:35:00 - [TEST_STEP][PASSED] - openBrowser(""): Browser is opened with url: ''

2020-09-26 16:35:00 - [MESSAGE][WARNING] - A browser is already opened. Closing browser and opening a new one

2020-09-26 16:35:01 - [MESSAGE][INFO] - Starting 'Chrome' driver

2020-09-26 16:35:01 - [MESSAGE][INFO] - Action delay is set to 0 milliseconds

2020-09-26 16:35:03 - [MESSAGE][PASSED] - Browser is opened with url: ''

2020-09-26 16:35:03 - [TEST_STEP][PASSED] - navigateToUrl("https://katalon-demo-cura.herokuapp.com/"): Navigate to 'https://katalon-demo-cura.herokuapp.com/' successfully

2020-09-26 16:35:09 - [MESSAGE][PASSED] - Navigate to 'https://katalon-demo-cura.herokuapp.com/' successfully

2020-09-26 16:35:09 - [TEST_STEP][PASSED] - click(findTestObject("Object Repository/Page_CURA Healthcare Service/a_Make Appointment")): Object: 'Object Repository/Page_CURA Healthcare Service/a_Make Appointment' is clicked on

2020-09-26 16:35:09 - [MESSAGE][PASSED] - Object: 'Object Repository/Page_CURA Healthcare Service/a_Make Appointment' is clicked on

2020-09-26 16:35:09 - [TEST_STEP][PASSED] - click(findTestObject("Object Repository/Page_CURA Healthcare Service/button_Login")): Object: 'Object Repository/Page_CURA Healthcare Service/button_Login' is clicked on

2020-09-26 16:35:10 - [MESSAGE][PASSED] - Object: 'Object Repository/Page_CURA Healthcare Service/button_Login' is clicked on]]></system-out>
         <system-err><![CDATA[]]></system-err>
      </testcase>
      <system-out><![CDATA[2020-09-26 16:34:14 - [TEST_SUITE][PASSED] - TestSuite: Test Cases/TC_005]]></system-out>
      <system-err><![CDATA[]]></system-err>
   </testsuite>
</testsuites>
